[1111/161307:ERROR:process_reader_win.cc(233)] ReadMemory at 0x90000 of 64 bytes failed: 仅完成部分的 ReadProcessMemory 或 WriteProcessMemory 请求。 (0x12B)
[1111/161307:WARNING:pe_image_reader.cc(281)] could not read dos header from C:\Program Files (x86)\Google\Chrome\Application\chrome.exe
[1111/161307:ERROR:process_reader_win.cc(233)] ReadMemory at 0x76310000 of 64 bytes failed: 仅完成部分的 ReadProcessMemory 或 WriteProcessMemory 请求。 (0x12B)
[1111/161307:WARNING:pe_image_reader.cc(281)] could not read dos header from C:\WINDOWS\System32\KERNELBASE.dll
[1111/161307:ERROR:process_reader_win.cc(233)] ReadMemory at 0x76cd0000 of 64 bytes failed: 仅完成部分的 ReadProcessMemory 或 WriteProcessMemory 请求。 (0x12B)
[1111/161307:WARNING:pe_image_reader.cc(281)] could not read dos header from C:\WINDOWS\System32\KERNEL32.DLL
[1111/161307:ERROR:process_reader_win.cc(233)] ReadMemory at 0x70220000 of 64 bytes failed: 仅完成部分的 ReadProcessMemory 或 WriteProcessMemory 请求。 (0x12B)
[1111/161307:WARNING:pe_image_reader.cc(281)] could not read dos header from C:\WINDOWS\AppPatch\AcGenral.dll
[1111/161307:ERROR:process_reader_win.cc(233)] ReadMemory at 0x76fb0000 of 64 bytes failed: 仅完成部分的 ReadProcessMemory 或 WriteProcessMemory 请求。 (0x12B)
[1111/161307:WARNING:pe_image_reader.cc(281)] could not read dos header from C:\WINDOWS\SYSTEM32\ntdll.dll
[1111/161307:ERROR:process_reader_win.cc(233)] ReadMemory at 0x71100000 of 64 bytes failed: 仅完成部分的 ReadProcessMemory 或 WriteProcessMemory 请求。 (0x12B)
[1111/161307:WARNING:pe_image_reader.cc(281)] could not read dos header from C:\WINDOWS\system32\apphelp.dll
[1111/161307:ERROR:process_reader_win.cc(233)] ReadMemory at 0x76560000 of 64 bytes failed: 仅完成部分的 ReadProcessMemory 或 WriteProcessMemory 请求。 (0x12B)
[1111/161307:WARNING:pe_image_reader.cc(281)] could not read dos header from C:\WINDOWS\System32\msvcrt.dll
[1111/161307:ERROR:process_reader_win.cc(233)] ReadMemory at 0x73e60000 of 64 bytes failed: 仅完成部分的 ReadProcessMemory 或 WriteProcessMemory 请求。 (0x12B)
[1111/161307:WARNING:pe_image_reader.cc(281)] could not read dos header from C:\WINDOWS\System32\bcryptPrimitives.dll
[1111/161307:ERROR:process_reader_win.cc(233)] ReadMemory at 0x73a60000 of 64 bytes failed: 仅完成部分的 ReadProcessMemory 或 WriteProcessMemory 请求。 (0x12B)
[1111/161307:WARNING:pe_image_reader.cc(281)] could not read dos header from C:\WINDOWS\System32\CRYPTBASE.dll
[1111/161307:ERROR:process_reader_win.cc(233)] ReadMemory at 0x73a70000 of 64 bytes failed: 仅完成部分的 ReadProcessMemory 或 WriteProcessMemory 请求。 (0x12B)
[1111/161307:WARNING:pe_image_reader.cc(281)] could not read dos header from C:\WINDOWS\System32\SspiCli.dll
[1111/161307:ERROR:process_reader_win.cc(233)] ReadMemory at 0x76240000 of 64 bytes failed: 仅完成部分的 ReadProcessMemory 或 WriteProcessMemory 请求。 (0x12B)
[1111/161307:WARNING:pe_image_reader.cc(281)] could not read dos header from C:\WINDOWS\System32\RPCRT4.dll
[1111/161307:ERROR:process_reader_win.cc(233)] ReadMemory at 0x73b70000 of 64 bytes failed: 仅完成部分的 ReadProcessMemory 或 WriteProcessMemory 请求。 (0x12B)
[1111/161307:WARNING:pe_image_reader.cc(281)] could not read dos header from C:\WINDOWS\System32\sechost.dll
[1111/161307:ERROR:process_reader_win.cc(233)] ReadMemory at 0x74480000 of 64 bytes failed: 仅完成部分的 ReadProcessMemory 或 WriteProcessMemory 请求。 (0x12B)
[1111/161307:WARNING:pe_image_reader.cc(281)] could not read dos header from C:\WINDOWS\System32\ucrtbase.dll
[1111/161307:ERROR:process_reader_win.cc(233)] ReadMemory at 0x74260000 of 64 bytes failed: 仅完成部分的 ReadProcessMemory 或 WriteProcessMemory 请求。 (0x12B)
[1111/161307:WARNING:pe_image_reader.cc(281)] could not read dos header from C:\WINDOWS\System32\combase.dll
[1111/161307:ERROR:process_reader_win.cc(233)] ReadMemory at 0x76c50000 of 64 bytes failed: 仅完成部分的 ReadProcessMemory 或 WriteProcessMemory 请求。 (0x12B)
[1111/161307:WARNING:pe_image_reader.cc(281)] could not read dos header from C:\WINDOWS\System32\win32u.dll
[1111/161307:ERROR:process_reader_win.cc(233)] ReadMemory at 0x76db0000 of 64 bytes failed: 仅完成部分的 ReadProcessMemory 或 WriteProcessMemory 请求。 (0x12B)
[1111/161307:WARNING:pe_image_reader.cc(281)] could not read dos header from C:\WINDOWS\System32\USER32.dll
[1111/161307:ERROR:process_reader_win.cc(233)] ReadMemory at 0x746e0000 of 64 bytes failed: 仅完成部分的 ReadProcessMemory 或 WriteProcessMemory 请求。 (0x12B)
[1111/161307:WARNING:pe_image_reader.cc(281)] could not read dos header from C:\WINDOWS\System32\gdi32full.dll
[1111/161307:ERROR:process_reader_win.cc(233)] ReadMemory at 0x73f80000 of 64 bytes failed: 仅完成部分的 ReadProcessMemory 或 WriteProcessMemory 请求。 (0x12B)
[1111/161307:WARNING:pe_image_reader.cc(281)] could not read dos header from C:\WINDOWS\System32\GDI32.dll
[1111/161307:ERROR:process_reader_win.cc(233)] ReadMemory at 0x76ba0000 of 64 bytes failed: 仅完成部分的 ReadProcessMemory 或 WriteProcessMemory 请求。 (0x12B)
[1111/161307:WARNING:pe_image_reader.cc(281)] could not read dos header from C:\WINDOWS\System32\IMM32.DLL
[1111/161307:ERROR:process_reader_win.cc(233)] ReadMemory at 0x74210000 of 64 bytes failed: 仅完成部分的 ReadProcessMemory 或 WriteProcessMemory 请求。 (0x12B)
[1111/161307:WARNING:pe_image_reader.cc(281)] could not read dos header from C:\WINDOWS\System32\SHLWAPI.dll
[1111/161307:ERROR:process_reader_win.cc(233)] ReadMemory at 0x71420000 of 64 bytes failed: 仅完成部分的 ReadProcessMemory 或 WriteProcessMemory 请求。 (0x12B)
[1111/161307:WARNING:pe_image_reader.cc(281)] could not read dos header from C:\WINDOWS\SYSTEM32\UxTheme.dll
[1111/161307:ERROR:process_reader_win.cc(233)] ReadMemory at 0x73f40000 of 64 bytes failed: 仅完成部分的 ReadProcessMemory 或 WriteProcessMemory 请求。 (0x12B)
[1111/161307:WARNING:pe_image_reader.cc(281)] could not read dos header from C:\WINDOWS\System32\cfgmgr32.dll
[1111/161307:ERROR:process_reader_win.cc(233)] ReadMemory at 0x73610000 of 64 bytes failed: 仅完成部分的 ReadProcessMemory 或 WriteProcessMemory 请求。 (0x12B)
[1111/161307:WARNING:pe_image_reader.cc(281)] could not read dos header from C:\WINDOWS\SYSTEM32\WINMMBASE.dll
[1111/161307:ERROR:process_reader_win.cc(233)] ReadMemory at 0x73640000 of 64 bytes failed: 仅完成部分的 ReadProcessMemory 或 WriteProcessMemory 请求。 (0x12B)
[1111/161307:WARNING:pe_image_reader.cc(281)] could not read dos header from C:\WINDOWS\SYSTEM32\WINMM.dll
[1111/161307:ERROR:process_reader_win.cc(233)] ReadMemory at 0x73460000 of 64 bytes failed: 仅完成部分的 ReadProcessMemory 或 WriteProcessMemory 请求。 (0x12B)
[1111/161307:WARNING:pe_image_reader.cc(281)] could not read dos header from C:\WINDOWS\SYSTEM32\samcli.dll
[1111/161307:ERROR:process_reader_win.cc(233)] ReadMemory at 0x73d70000 of 64 bytes failed: 仅完成部分的 ReadProcessMemory 或 WriteProcessMemory 请求。 (0x12B)
[1111/161307:WARNING:pe_image_reader.cc(281)] could not read dos header from C:\WINDOWS\System32\ole32.dll
[1111/161307:ERROR:process_reader_win.cc(233)] ReadMemory at 0x73ec0000 of 64 bytes failed: 仅完成部分的 ReadProcessMemory 或 WriteProcessMemory 请求。 (0x12B)
[1111/161307:WARNING:pe_image_reader.cc(281)] could not read dos header from C:\WINDOWS\System32\msvcp_win.dll
[1111/161307:ERROR:process_reader_win.cc(233)] ReadMemory at 0x73fb0000 of 64 bytes failed: 仅完成部分的 ReadProcessMemory 或 WriteProcessMemory 请求。 (0x12B)
[1111/161307:WARNING:pe_image_reader.cc(281)] could not read dos header from C:\WINDOWS\System32\OLEAUT32.dll
[1111/161307:ERROR:process_reader_win.cc(233)] ReadMemory at 0x76bd0000 of 64 bytes failed: 仅完成部分的 ReadProcessMemory 或 WriteProcessMemory 请求。 (0x12B)
[1111/161307:WARNING:pe_image_reader.cc(281)] could not read dos header from C:\WINDOWS\System32\advapi32.dll
[1111/161307:ERROR:process_reader_win.cc(233)] ReadMemory at 0x65fe0000 of 64 bytes failed: 仅完成部分的 ReadProcessMemory 或 WriteProcessMemory 请求。 (0x12B)
[1111/161307:WARNING:pe_image_reader.cc(281)] could not read dos header from C:\WINDOWS\SYSTEM32\MSACM32.dll
[1111/161307:ERROR:process_reader_win.cc(233)] ReadMemory at 0x73a20000 of 64 bytes failed: 仅完成部分的 ReadProcessMemory 或 WriteProcessMemory 请求。 (0x12B)
[1111/161307:WARNING:pe_image_reader.cc(281)] could not read dos header from C:\WINDOWS\SYSTEM32\VERSION.dll
[1111/161307:ERROR:process_reader_win.cc(233)] ReadMemory at 0x74840000 of 64 bytes failed: 仅完成部分的 ReadProcessMemory 或 WriteProcessMemory 请求。 (0x12B)
[1111/161307:WARNING:pe_image_reader.cc(281)] could not read dos header from C:\WINDOWS\System32\powrprof.dll
[1111/161307:ERROR:process_reader_win.cc(233)] ReadMemory at 0x76fa0000 of 64 bytes failed: 仅完成部分的 ReadProcessMemory 或 WriteProcessMemory 请求。 (0x12B)
[1111/161307:WARNING:pe_image_reader.cc(281)] could not read dos header from C:\WINDOWS\System32\kernel.appcore.dll
[1111/161307:ERROR:process_reader_win.cc(233)] ReadMemory at 0x76f10000 of 64 bytes failed: 仅完成部分的 ReadProcessMemory 或 WriteProcessMemory 请求。 (0x12B)
[1111/161307:WARNING:pe_image_reader.cc(281)] could not read dos header from C:\WINDOWS\System32\shcore.dll
[1111/161307:ERROR:process_reader_win.cc(233)] ReadMemory at 0x73a90000 of 64 bytes failed: 仅完成部分的 ReadProcessMemory 或 WriteProcessMemory 请求。 (0x12B)
[1111/161307:WARNING:pe_image_reader.cc(281)] could not read dos header from C:\WINDOWS\System32\profapi.dll
[1111/161307:ERROR:process_reader_win.cc(233)] ReadMemory at 0x74890000 of 64 bytes failed: 仅完成部分的 ReadProcessMemory 或 WriteProcessMemory 请求。 (0x12B)
[1111/161307:WARNING:pe_image_reader.cc(281)] could not read dos header from C:\WINDOWS\System32\windows.storage.dll
[1111/161307:ERROR:process_reader_win.cc(233)] ReadMemory at 0x74e00000 of 64 bytes failed: 仅完成部分的 ReadProcessMemory 或 WriteProcessMemory 请求。 (0x12B)
[1111/161307:WARNING:pe_image_reader.cc(281)] could not read dos header from C:\WINDOWS\System32\SHELL32.dll
[1111/161307:ERROR:process_reader_win.cc(233)] ReadMemory at 0x73a30000 of 64 bytes failed: 仅完成部分的 ReadProcessMemory 或 WriteProcessMemory 请求。 (0x12B)
[1111/161307:WARNING:pe_image_reader.cc(281)] could not read dos header from C:\WINDOWS\SYSTEM32\USERENV.dll
[1111/161307:ERROR:process_reader_win.cc(233)] ReadMemory at 0x70a90000 of 64 bytes failed: 仅完成部分的 ReadProcessMemory 或 WriteProcessMemory 请求。 (0x12B)
[1111/161307:WARNING:pe_image_reader.cc(281)] could not read dos header from C:\WINDOWS\SYSTEM32\dwmapi.dll
[1111/161307:ERROR:process_reader_win.cc(233)] ReadMemory at 0x71de0000 of 64 bytes failed: 仅完成部分的 ReadProcessMemory 或 WriteProcessMemory 请求。 (0x12B)
[1111/161307:WARNING:pe_image_reader.cc(281)] could not read dos header from C:\WINDOWS\SYSTEM32\iertutil.dll
[1111/161307:ERROR:process_reader_win.cc(233)] ReadMemory at 0x722d0000 of 64 bytes failed: 仅完成部分的 ReadProcessMemory 或 WriteProcessMemory 请求。 (0x12B)
[1111/161307:WARNING:pe_image_reader.cc(281)] could not read dos header from C:\WINDOWS\SYSTEM32\urlmon.dll
[1111/161307:ERROR:process_reader_win.cc(233)] ReadMemory at 0x72080000 of 64 bytes failed: 仅完成部分的 ReadProcessMemory 或 WriteProcessMemory 请求。 (0x12B)
[1111/161307:WARNING:pe_image_reader.cc(281)] could not read dos header from C:\WINDOWS\SYSTEM32\bcrypt.dll
[1111/161307:ERROR:process_reader_win.cc(233)] ReadMemory at 0x6d7e0000 of 64 bytes failed: 仅完成部分的 ReadProcessMemory 或 WriteProcessMemory 请求。 (0x12B)
[1111/161307:WARNING:pe_image_reader.cc(281)] could not read dos header from C:\WINDOWS\SYSTEM32\WINSPOOL.DRV
[1111/161307:ERROR:process_reader_win.cc(233)] ReadMemory at 0x6e760000 of 64 bytes failed: 仅完成部分的 ReadProcessMemory 或 WriteProcessMemory 请求。 (0x12B)
[1111/161307:WARNING:pe_image_reader.cc(281)] could not read dos header from C:\WINDOWS\SYSTEM32\MPR.dll
[1111/161307:ERROR:process_reader_win.cc(233)] ReadMemory at 0x6ce40000 of 64 bytes failed: 仅完成部分的 ReadProcessMemory 或 WriteProcessMemory 请求。 (0x12B)
[1111/161307:WARNING:pe_image_reader.cc(281)] could not read dos header from C:\Program Files (x86)\Google\Chrome\Application\54.0.2840.59\chrome_elf.dll
[1111/161307:ERROR:process_reader_win.cc(233)] ReadMemory at 0x73a50000 of 64 bytes failed: 仅完成部分的 ReadProcessMemory 或 WriteProcessMemory 请求。 (0x12B)
[1111/161307:WARNING:pe_image_reader.cc(281)] could not read dos header from C:\WINDOWS\SYSTEM32\WTSAPI32.dll
[1111/161307:ERROR:process_reader_win.cc(233)] ReadMemory at 0x71010000 of 64 bytes failed: 仅完成部分的 ReadProcessMemory 或 WriteProcessMemory 请求。 (0x12B)
[1111/161307:WARNING:pe_image_reader.cc(281)] could not read dos header from C:\WINDOWS\SYSTEM32\WINHTTP.dll
[1111/161307:ERROR:process_reader_win.cc(233)] ReadMemory at 0x71930000 of 64 bytes failed: 仅完成部分的 ReadProcessMemory 或 WriteProcessMemory 请求。 (0x12B)
[1111/161307:WARNING:pe_image_reader.cc(281)] could not read dos header from C:\WINDOWS\SYSTEM32\ninput.dll
[1111/161307:ERROR:process_reader_win.cc(233)] ReadMemory at 0x74200000 of 64 bytes failed: 仅完成部分的 ReadProcessMemory 或 WriteProcessMemory 请求。 (0x12B)
[1111/161307:WARNING:pe_image_reader.cc(281)] could not read dos header from C:\WINDOWS\System32\PSAPI.DLL
[1111/161307:ERROR:process_reader_win.cc(233)] ReadMemory at 0x73af0000 of 64 bytes failed: 仅完成部分的 ReadProcessMemory 或 WriteProcessMemory 请求。 (0x12B)
[1111/161307:WARNING:pe_image_reader.cc(281)] could not read dos header from C:\WINDOWS\System32\WS2_32.dll
[1111/161307:ERROR:process_reader_win.cc(233)] ReadMemory at 0x73910000 of 64 bytes failed: 仅完成部分的 ReadProcessMemory 或 WriteProcessMemory 请求。 (0x12B)
[1111/161307:WARNING:pe_image_reader.cc(281)] could not read dos header from C:\WINDOWS\SYSTEM32\NETAPI32.dll
[1111/161307:ERROR:process_reader_win.cc(233)] ReadMemory at 0x73450000 of 64 bytes failed: 仅完成部分的 ReadProcessMemory 或 WriteProcessMemory 请求。 (0x12B)
[1111/161307:WARNING:pe_image_reader.cc(281)] could not read dos header from C:\WINDOWS\SYSTEM32\NETUTILS.DLL
[1111/161307:ERROR:process_reader_win.cc(233)] ReadMemory at 0x720a0000 of 64 bytes failed: 仅完成部分的 ReadProcessMemory 或 WriteProcessMemory 请求。 (0x12B)
[1111/161307:WARNING:pe_image_reader.cc(281)] could not read dos header from C:\WINDOWS\SYSTEM32\WKSCLI.DLL
[1111/161307:ERROR:process_reader_win.cc(233)] ReadMemory at 0x70620000 of 64 bytes failed: 仅完成部分的 ReadProcessMemory 或 WriteProcessMemory 请求。 (0x12B)
[1111/161307:WARNING:pe_image_reader.cc(281)] could not read dos header from E:\360\360Safe\safemon\safemon.dll
[1111/161307:ERROR:process_reader_win.cc(233)] ReadMemory at 0x6ce00000 of 64 bytes failed: 仅完成部分的 ReadProcessMemory 或 WriteProcessMemory 请求。 (0x12B)
[1111/161307:WARNING:pe_image_reader.cc(281)] could not read dos header from E:\360\360Safe\safemon\iNetSafe.dll
[1111/161307:ERROR:process_reader_win.cc(233)] ReadMemory at 0x727d0000 of 64 bytes failed: 仅完成部分的 ReadProcessMemory 或 WriteProcessMemory 请求。 (0x12B)
[1111/161307:WARNING:pe_image_reader.cc(281)] could not read dos header from C:\WINDOWS\SYSTEM32\dbghelp.dll
[1111/161307:ERROR:process_reader_win.cc(233)] ReadMemory at 0x71210000 of 64 bytes failed: 仅完成部分的 ReadProcessMemory 或 WriteProcessMemory 请求。 (0x12B)
[1111/161307:WARNING:pe_image_reader.cc(281)] could not read dos header from C:\WINDOWS\WinSxS\x86_microsoft.windows.common-controls_6595b64144ccf1df_6.0.14393.447_none_89c64d28dafea4b9\COMCTL32.dll
[1111/161307:ERROR:process_reader_win.cc(233)] ReadMemory at 0x74110000 of 64 bytes failed: 仅完成部分的 ReadProcessMemory 或 WriteProcessMemory 请求。 (0x12B)
[1111/161307:WARNING:pe_image_reader.cc(281)] could not read dos header from C:\WINDOWS\System32\COMDLG32.dll
[1111/161307:ERROR:process_reader_win.cc(233)] ReadMemory at 0x6d0a0000 of 64 bytes failed: 仅完成部分的 ReadProcessMemory 或 WriteProcessMemory 请求。 (0x12B)
[1111/161307:WARNING:pe_image_reader.cc(281)] could not read dos header from C:\WINDOWS\SYSTEM32\USP10.dll
[1111/161307:ERROR:process_reader_win.cc(233)] ReadMemory at 0x73840000 of 64 bytes failed: 仅完成部分的 ReadProcessMemory 或 WriteProcessMemory 请求。 (0x12B)
[1111/161307:WARNING:pe_image_reader.cc(281)] could not read dos header from C:\WINDOWS\SYSTEM32\IPHLPAPI.DLL
[1111/161307:ERROR:process_reader_win.cc(233)] ReadMemory at 0x73570000 of 64 bytes failed: 仅完成部分的 ReadProcessMemory 或 WriteProcessMemory 请求。 (0x12B)
[1111/161307:WARNING:pe_image_reader.cc(281)] could not read dos header from C:\WINDOWS\SYSTEM32\Secur32.dll
[1111/161307:ERROR:process_reader_win.cc(233)] ReadMemory at 0x6d5e0000 of 64 bytes failed: 仅完成部分的 ReadProcessMemory 或 WriteProcessMemory 请求。 (0x12B)
[1111/161307:WARNING:pe_image_reader.cc(281)] could not read dos header from C:\WINDOWS\SYSTEM32\DWrite.dll
[1111/161307:ERROR:process_reader_win.cc(233)] ReadMemory at 0x73d00000 of 64 bytes failed: 仅完成部分的 ReadProcessMemory 或 WriteProcessMemory 请求。 (0x12B)
[1111/161307:WARNING:pe_image_reader.cc(281)] could not read dos header from C:\WINDOWS\System32\MSASN1.dll
[1111/161307:ERROR:process_reader_win.cc(233)] ReadMemory at 0x74560000 of 64 bytes failed: 仅完成部分的 ReadProcessMemory 或 WriteProcessMemory 请求。 (0x12B)
[1111/161307:WARNING:pe_image_reader.cc(281)] could not read dos header from C:\WINDOWS\System32\CRYPT32.dll
[1111/161307:ERROR:process_reader_win.cc(233)] ReadMemory at 0x73aa0000 of 64 bytes failed: 仅完成部分的 ReadProcessMemory 或 WriteProcessMemory 请求。 (0x12B)
[1111/161307:WARNING:pe_image_reader.cc(281)] could not read dos header from C:\WINDOWS\System32\WINTRUST.dll
[1111/161307:ERROR:process_reader_win.cc(233)] ReadMemory at 0x5ec40000 of 64 bytes failed: 仅完成部分的 ReadProcessMemory 或 WriteProcessMemory 请求。 (0x12B)
[1111/161307:WARNING:pe_image_reader.cc(281)] could not read dos header from C:\Program Files (x86)\Google\Chrome\Application\54.0.2840.59\chrome_child.dll
[1111/161307:ERROR:process_reader_win.cc(233)] ReadMemory at 0x90000 of 64 bytes failed: 仅完成部分的 ReadProcessMemory 或 WriteProcessMemory 请求。 (0x12B)
[1111/161307:WARNING:pe_image_reader.cc(281)] could not read dos header from C:\Program Files (x86)\Google\Chrome\Application\chrome.exe
[1111/161307:ERROR:process_reader_win.cc(233)] ReadMemory at 0x76310000 of 64 bytes failed: 仅完成部分的 ReadProcessMemory 或 WriteProcessMemory 请求。 (0x12B)
[1111/161307:WARNING:pe_image_reader.cc(281)] could not read dos header from C:\WINDOWS\System32\KERNELBASE.dll
[1111/161307:ERROR:process_reader_win.cc(233)] ReadMemory at 0x76cd0000 of 64 bytes failed: 仅完成部分的 ReadProcessMemory 或 WriteProcessMemory 请求。 (0x12B)
[1111/161307:WARNING:pe_image_reader.cc(281)] could not read dos header from C:\WINDOWS\System32\KERNEL32.DLL
[1111/161307:ERROR:process_reader_win.cc(233)] ReadMemory at 0x70220000 of 64 bytes failed: 仅完成部分的 ReadProcessMemory 或 WriteProcessMemory 请求。 (0x12B)
[1111/161307:WARNING:pe_image_reader.cc(281)] could not read dos header from C:\WINDOWS\AppPatch\AcGenral.dll
[1111/161307:ERROR:process_reader_win.cc(233)] ReadMemory at 0x76fb0000 of 64 bytes failed: 仅完成部分的 ReadProcessMemory 或 WriteProcessMemory 请求。 (0x12B)
[1111/161307:WARNING:pe_image_reader.cc(281)] could not read dos header from C:\WINDOWS\SYSTEM32\ntdll.dll
[1111/161307:ERROR:process_reader_win.cc(233)] ReadMemory at 0x71100000 of 64 bytes failed: 仅完成部分的 ReadProcessMemory 或 WriteProcessMemory 请求。 (0x12B)
[1111/161307:WARNING:pe_image_reader.cc(281)] could not read dos header from C:\WINDOWS\system32\apphelp.dll
[1111/161307:ERROR:process_reader_win.cc(233)] ReadMemory at 0x76560000 of 64 bytes failed: 仅完成部分的 ReadProcessMemory 或 WriteProcessMemory 请求。 (0x12B)
[1111/161307:WARNING:pe_image_reader.cc(281)] could not read dos header from C:\WINDOWS\System32\msvcrt.dll
[1111/161307:ERROR:process_reader_win.cc(233)] ReadMemory at 0x73e60000 of 64 bytes failed: 仅完成部分的 ReadProcessMemory 或 WriteProcessMemory 请求。 (0x12B)
[1111/161307:WARNING:pe_image_reader.cc(281)] could not read dos header from C:\WINDOWS\System32\bcryptPrimitives.dll
[1111/161307:ERROR:process_reader_win.cc(233)] ReadMemory at 0x73a60000 of 64 bytes failed: 仅完成部分的 ReadProcessMemory 或 WriteProcessMemory 请求。 (0x12B)
[1111/161307:WARNING:pe_image_reader.cc(281)] could not read dos header from C:\WINDOWS\System32\CRYPTBASE.dll
[1111/161307:ERROR:process_reader_win.cc(233)] ReadMemory at 0x73a70000 of 64 bytes failed: 仅完成部分的 ReadProcessMemory 或 WriteProcessMemory 请求。 (0x12B)
[1111/161307:WARNING:pe_image_reader.cc(281)] could not read dos header from C:\WINDOWS\System32\SspiCli.dll
[1111/161307:ERROR:process_reader_win.cc(233)] ReadMemory at 0x76240000 of 64 bytes failed: 仅完成部分的 ReadProcessMemory 或 WriteProcessMemory 请求。 (0x12B)
[1111/161307:WARNING:pe_image_reader.cc(281)] could not read dos header from C:\WINDOWS\System32\RPCRT4.dll
[1111/161307:ERROR:process_reader_win.cc(233)] ReadMemory at 0x73b70000 of 64 bytes failed: 仅完成部分的 ReadProcessMemory 或 WriteProcessMemory 请求。 (0x12B)
[1111/161307:WARNING:pe_image_reader.cc(281)] could not read dos header from C:\WINDOWS\System32\sechost.dll
[1111/161307:ERROR:process_reader_win.cc(233)] ReadMemory at 0x74480000 of 64 bytes failed: 仅完成部分的 ReadProcessMemory 或 WriteProcessMemory 请求。 (0x12B)
[1111/161307:WARNING:pe_image_reader.cc(281)] could not read dos header from C:\WINDOWS\System32\ucrtbase.dll
[1111/161307:ERROR:process_reader_win.cc(233)] ReadMemory at 0x74260000 of 64 bytes failed: 仅完成部分的 ReadProcessMemory 或 WriteProcessMemory 请求。 (0x12B)
[1111/161307:WARNING:pe_image_reader.cc(281)] could not read dos header from C:\WINDOWS\System32\combase.dll
[1111/161307:ERROR:process_reader_win.cc(233)] ReadMemory at 0x76c50000 of 64 bytes failed: 仅完成部分的 ReadProcessMemory 或 WriteProcessMemory 请求。 (0x12B)
[1111/161307:WARNING:pe_image_reader.cc(281)] could not read dos header from C:\WINDOWS\System32\win32u.dll
[1111/161307:ERROR:process_reader_win.cc(233)] ReadMemory at 0x76db0000 of 64 bytes failed: 仅完成部分的 ReadProcessMemory 或 WriteProcessMemory 请求。 (0x12B)
[1111/161307:WARNING:pe_image_reader.cc(281)] could not read dos header from C:\WINDOWS\System32\USER32.dll
[1111/161307:ERROR:process_reader_win.cc(233)] ReadMemory at 0x746e0000 of 64 bytes failed: 仅完成部分的 ReadProcessMemory 或 WriteProcessMemory 请求。 (0x12B)
[1111/161307:WARNING:pe_image_reader.cc(281)] could not read dos header from C:\WINDOWS\System32\gdi32full.dll
[1111/161307:ERROR:process_reader_win.cc(233)] ReadMemory at 0x73f80000 of 64 bytes failed: 仅完成部分的 ReadProcessMemory 或 WriteProcessMemory 请求。 (0x12B)
[1111/161307:WARNING:pe_image_reader.cc(281)] could not read dos header from C:\WINDOWS\System32\GDI32.dll
[1111/161307:ERROR:process_reader_win.cc(233)] ReadMemory at 0x76ba0000 of 64 bytes failed: 仅完成部分的 ReadProcessMemory 或 WriteProcessMemory 请求。 (0x12B)
[1111/161307:WARNING:pe_image_reader.cc(281)] could not read dos header from C:\WINDOWS\System32\IMM32.DLL
[1111/161307:ERROR:process_reader_win.cc(233)] ReadMemory at 0x74210000 of 64 bytes failed: 仅完成部分的 ReadProcessMemory 或 WriteProcessMemory 请求。 (0x12B)
[1111/161307:WARNING:pe_image_reader.cc(281)] could not read dos header from C:\WINDOWS\System32\SHLWAPI.dll
[1111/161307:ERROR:process_reader_win.cc(233)] ReadMemory at 0x71420000 of 64 bytes failed: 仅完成部分的 ReadProcessMemory 或 WriteProcessMemory 请求。 (0x12B)
[1111/161307:WARNING:pe_image_reader.cc(281)] could not read dos header from C:\WINDOWS\SYSTEM32\UxTheme.dll
[1111/161307:ERROR:process_reader_win.cc(233)] ReadMemory at 0x73f40000 of 64 bytes failed: 仅完成部分的 ReadProcessMemory 或 WriteProcessMemory 请求。 (0x12B)
[1111/161307:WARNING:pe_image_reader.cc(281)] could not read dos header from C:\WINDOWS\System32\cfgmgr32.dll
[1111/161307:ERROR:process_reader_win.cc(233)] ReadMemory at 0x73610000 of 64 bytes failed: 仅完成部分的 ReadProcessMemory 或 WriteProcessMemory 请求。 (0x12B)
[1111/161307:WARNING:pe_image_reader.cc(281)] could not read dos header from C:\WINDOWS\SYSTEM32\WINMMBASE.dll
[1111/161307:ERROR:process_reader_win.cc(233)] ReadMemory at 0x73640000 of 64 bytes failed: 仅完成部分的 ReadProcessMemory 或 WriteProcessMemory 请求。 (0x12B)
[1111/161307:WARNING:pe_image_reader.cc(281)] could not read dos header from C:\WINDOWS\SYSTEM32\WINMM.dll
[1111/161307:ERROR:process_reader_win.cc(233)] ReadMemory at 0x73460000 of 64 bytes failed: 仅完成部分的 ReadProcessMemory 或 WriteProcessMemory 请求。 (0x12B)
[1111/161307:WARNING:pe_image_reader.cc(281)] could not read dos header from C:\WINDOWS\SYSTEM32\samcli.dll
[1111/161307:ERROR:process_reader_win.cc(233)] ReadMemory at 0x73d70000 of 64 bytes failed: 仅完成部分的 ReadProcessMemory 或 WriteProcessMemory 请求。 (0x12B)
[1111/161307:WARNING:pe_image_reader.cc(281)] could not read dos header from C:\WINDOWS\System32\ole32.dll
[1111/161307:ERROR:process_reader_win.cc(233)] ReadMemory at 0x73ec0000 of 64 bytes failed: 仅完成部分的 ReadProcessMemory 或 WriteProcessMemory 请求。 (0x12B)
[1111/161307:WARNING:pe_image_reader.cc(281)] could not read dos header from C:\WINDOWS\System32\msvcp_win.dll
[1111/161307:ERROR:process_reader_win.cc(233)] ReadMemory at 0x73fb0000 of 64 bytes failed: 仅完成部分的 ReadProcessMemory 或 WriteProcessMemory 请求。 (0x12B)
[1111/161307:WARNING:pe_image_reader.cc(281)] could not read dos header from C:\WINDOWS\System32\OLEAUT32.dll
[1111/161307:ERROR:process_reader_win.cc(233)] ReadMemory at 0x76bd0000 of 64 bytes failed: 仅完成部分的 ReadProcessMemory 或 WriteProcessMemory 请求。 (0x12B)
[1111/161307:WARNING:pe_image_reader.cc(281)] could not read dos header from C:\WINDOWS\System32\advapi32.dll
[1111/161307:ERROR:process_reader_win.cc(233)] ReadMemory at 0x65fe0000 of 64 bytes failed: 仅完成部分的 ReadProcessMemory 或 WriteProcessMemory 请求。 (0x12B)
[1111/161307:WARNING:pe_image_reader.cc(281)] could not read dos header from C:\WINDOWS\SYSTEM32\MSACM32.dll
[1111/161307:ERROR:process_reader_win.cc(233)] ReadMemory at 0x73a20000 of 64 bytes failed: 仅完成部分的 ReadProcessMemory 或 WriteProcessMemory 请求。 (0x12B)
[1111/161307:WARNING:pe_image_reader.cc(281)] could not read dos header from C:\WINDOWS\SYSTEM32\VERSION.dll
[1111/161307:ERROR:process_reader_win.cc(233)] ReadMemory at 0x74840000 of 64 bytes failed: 仅完成部分的 ReadProcessMemory 或 WriteProcessMemory 请求。 (0x12B)
[1111/161307:WARNING:pe_image_reader.cc(281)] could not read dos header from C:\WINDOWS\System32\powrprof.dll
[1111/161307:ERROR:process_reader_win.cc(233)] ReadMemory at 0x76fa0000 of 64 bytes failed: 仅完成部分的 ReadProcessMemory 或 WriteProcessMemory 请求。 (0x12B)
[1111/161307:WARNING:pe_image_reader.cc(281)] could not read dos header from C:\WINDOWS\System32\kernel.appcore.dll
[1111/161307:ERROR:process_reader_win.cc(233)] ReadMemory at 0x76f10000 of 64 bytes failed: 仅完成部分的 ReadProcessMemory 或 WriteProcessMemory 请求。 (0x12B)
[1111/161307:WARNING:pe_image_reader.cc(281)] could not read dos header from C:\WINDOWS\System32\shcore.dll
[1111/161307:ERROR:process_reader_win.cc(233)] ReadMemory at 0x73a90000 of 64 bytes failed: 仅完成部分的 ReadProcessMemory 或 WriteProcessMemory 请求。 (0x12B)
[1111/161307:WARNING:pe_image_reader.cc(281)] could not read dos header from C:\WINDOWS\System32\profapi.dll
[1111/161307:ERROR:process_reader_win.cc(233)] ReadMemory at 0x74890000 of 64 bytes failed: 仅完成部分的 ReadProcessMemory 或 WriteProcessMemory 请求。 (0x12B)
[1111/161307:WARNING:pe_image_reader.cc(281)] could not read dos header from C:\WINDOWS\System32\windows.storage.dll
[1111/161307:ERROR:process_reader_win.cc(233)] ReadMemory at 0x74e00000 of 64 bytes failed: 仅完成部分的 ReadProcessMemory 或 WriteProcessMemory 请求。 (0x12B)
[1111/161307:WARNING:pe_image_reader.cc(281)] could not read dos header from C:\WINDOWS\System32\SHELL32.dll
[1111/161307:ERROR:process_reader_win.cc(233)] ReadMemory at 0x73a30000 of 64 bytes failed: 仅完成部分的 ReadProcessMemory 或 WriteProcessMemory 请求。 (0x12B)
[1111/161307:WARNING:pe_image_reader.cc(281)] could not read dos header from C:\WINDOWS\SYSTEM32\USERENV.dll
[1111/161307:ERROR:process_reader_win.cc(233)] ReadMemory at 0x70a90000 of 64 bytes failed: 仅完成部分的 ReadProcessMemory 或 WriteProcessMemory 请求。 (0x12B)
[1111/161307:WARNING:pe_image_reader.cc(281)] could not read dos header from C:\WINDOWS\SYSTEM32\dwmapi.dll
[1111/161307:ERROR:process_reader_win.cc(233)] ReadMemory at 0x71de0000 of 64 bytes failed: 仅完成部分的 ReadProcessMemory 或 WriteProcessMemory 请求。 (0x12B)
[1111/161307:WARNING:pe_image_reader.cc(281)] could not read dos header from C:\WINDOWS\SYSTEM32\iertutil.dll
[1111/161307:ERROR:process_reader_win.cc(233)] ReadMemory at 0x722d0000 of 64 bytes failed: 仅完成部分的 ReadProcessMemory 或 WriteProcessMemory 请求。 (0x12B)
[1111/161307:WARNING:pe_image_reader.cc(281)] could not read dos header from C:\WINDOWS\SYSTEM32\urlmon.dll
[1111/161307:ERROR:process_reader_win.cc(233)] ReadMemory at 0x72080000 of 64 bytes failed: 仅完成部分的 ReadProcessMemory 或 WriteProcessMemory 请求。 (0x12B)
[1111/161307:WARNING:pe_image_reader.cc(281)] could not read dos header from C:\WINDOWS\SYSTEM32\bcrypt.dll
[1111/161307:ERROR:process_reader_win.cc(233)] ReadMemory at 0x6d7e0000 of 64 bytes failed: 仅完成部分的 ReadProcessMemory 或 WriteProcessMemory 请求。 (0x12B)
[1111/161307:WARNING:pe_image_reader.cc(281)] could not read dos header from C:\WINDOWS\SYSTEM32\WINSPOOL.DRV
[1111/161307:ERROR:process_reader_win.cc(233)] ReadMemory at 0x6e760000 of 64 bytes failed: 仅完成部分的 ReadProcessMemory 或 WriteProcessMemory 请求。 (0x12B)
[1111/161307:WARNING:pe_image_reader.cc(281)] could not read dos header from C:\WINDOWS\SYSTEM32\MPR.dll
[1111/161307:ERROR:process_reader_win.cc(233)] ReadMemory at 0x6ce40000 of 64 bytes failed: 仅完成部分的 ReadProcessMemory 或 WriteProcessMemory 请求。 (0x12B)
[1111/161307:WARNING:pe_image_reader.cc(281)] could not read dos header from C:\Program Files (x86)\Google\Chrome\Application\54.0.2840.59\chrome_elf.dll
[1111/161307:ERROR:process_reader_win.cc(233)] ReadMemory at 0x73a50000 of 64 bytes failed: 仅完成部分的 ReadProcessMemory 或 WriteProcessMemory 请求。 (0x12B)
[1111/161307:WARNING:pe_image_reader.cc(281)] could not read dos header from C:\WINDOWS\SYSTEM32\WTSAPI32.dll
[1111/161307:ERROR:process_reader_win.cc(233)] ReadMemory at 0x71010000 of 64 bytes failed: 仅完成部分的 ReadProcessMemory 或 WriteProcessMemory 请求。 (0x12B)
[1111/161307:WARNING:pe_image_reader.cc(281)] could not read dos header from C:\WINDOWS\SYSTEM32\WINHTTP.dll
[1111/161307:ERROR:process_reader_win.cc(233)] ReadMemory at 0x71930000 of 64 bytes failed: 仅完成部分的 ReadProcessMemory 或 WriteProcessMemory 请求。 (0x12B)
[1111/161307:WARNING:pe_image_reader.cc(281)] could not read dos header from C:\WINDOWS\SYSTEM32\ninput.dll
[1111/161307:ERROR:process_reader_win.cc(233)] ReadMemory at 0x74200000 of 64 bytes failed: 仅完成部分的 ReadProcessMemory 或 WriteProcessMemory 请求。 (0x12B)
[1111/161307:WARNING:pe_image_reader.cc(281)] could not read dos header from C:\WINDOWS\System32\PSAPI.DLL
[1111/161307:ERROR:process_reader_win.cc(233)] ReadMemory at 0x73af0000 of 64 bytes failed: 仅完成部分的 ReadProcessMemory 或 WriteProcessMemory 请求。 (0x12B)
[1111/161307:WARNING:pe_image_reader.cc(281)] could not read dos header from C:\WINDOWS\System32\WS2_32.dll
[1111/161307:ERROR:process_reader_win.cc(233)] ReadMemory at 0x73910000 of 64 bytes failed: 仅完成部分的 ReadProcessMemory 或 WriteProcessMemory 请求。 (0x12B)
[1111/161307:WARNING:pe_image_reader.cc(281)] could not read dos header from C:\WINDOWS\SYSTEM32\NETAPI32.dll
[1111/161307:ERROR:process_reader_win.cc(233)] ReadMemory at 0x73450000 of 64 bytes failed: 仅完成部分的 ReadProcessMemory 或 WriteProcessMemory 请求。 (0x12B)
[1111/161307:WARNING:pe_image_reader.cc(281)] could not read dos header from C:\WINDOWS\SYSTEM32\NETUTILS.DLL
[1111/161307:ERROR:process_reader_win.cc(233)] ReadMemory at 0x720a0000 of 64 bytes failed: 仅完成部分的 ReadProcessMemory 或 WriteProcessMemory 请求。 (0x12B)
[1111/161307:WARNING:pe_image_reader.cc(281)] could not read dos header from C:\WINDOWS\SYSTEM32\WKSCLI.DLL
[1111/161307:ERROR:process_reader_win.cc(233)] ReadMemory at 0x70620000 of 64 bytes failed: 仅完成部分的 ReadProcessMemory 或 WriteProcessMemory 请求。 (0x12B)
[1111/161307:WARNING:pe_image_reader.cc(281)] could not read dos header from E:\360\360Safe\safemon\safemon.dll
[1111/161307:ERROR:process_reader_win.cc(233)] ReadMemory at 0x6ce00000 of 64 bytes failed: 仅完成部分的 ReadProcessMemory 或 WriteProcessMemory 请求。 (0x12B)
[1111/161307:WARNING:pe_image_reader.cc(281)] could not read dos header from E:\360\360Safe\safemon\iNetSafe.dll
[1111/161307:ERROR:process_reader_win.cc(233)] ReadMemory at 0x727d0000 of 64 bytes failed: 仅完成部分的 ReadProcessMemory 或 WriteProcessMemory 请求。 (0x12B)
[1111/161307:WARNING:pe_image_reader.cc(281)] could not read dos header from C:\WINDOWS\SYSTEM32\dbghelp.dll
[1111/161307:ERROR:process_reader_win.cc(233)] ReadMemory at 0x71210000 of 64 bytes failed: 仅完成部分的 ReadProcessMemory 或 WriteProcessMemory 请求。 (0x12B)
[1111/161307:WARNING:pe_image_reader.cc(281)] could not read dos header from C:\WINDOWS\WinSxS\x86_microsoft.windows.common-controls_6595b64144ccf1df_6.0.14393.447_none_89c64d28dafea4b9\COMCTL32.dll
[1111/161307:ERROR:process_reader_win.cc(233)] ReadMemory at 0x74110000 of 64 bytes failed: 仅完成部分的 ReadProcessMemory 或 WriteProcessMemory 请求。 (0x12B)
[1111/161307:WARNING:pe_image_reader.cc(281)] could not read dos header from C:\WINDOWS\System32\COMDLG32.dll
[1111/161307:ERROR:process_reader_win.cc(233)] ReadMemory at 0x6d0a0000 of 64 bytes failed: 仅完成部分的 ReadProcessMemory 或 WriteProcessMemory 请求。 (0x12B)
[1111/161307:WARNING:pe_image_reader.cc(281)] could not read dos header from C:\WINDOWS\SYSTEM32\USP10.dll
[1111/161307:ERROR:process_reader_win.cc(233)] ReadMemory at 0x73840000 of 64 bytes failed: 仅完成部分的 ReadProcessMemory 或 WriteProcessMemory 请求。 (0x12B)
[1111/161307:WARNING:pe_image_reader.cc(281)] could not read dos header from C:\WINDOWS\SYSTEM32\IPHLPAPI.DLL
[1111/161307:ERROR:process_reader_win.cc(233)] ReadMemory at 0x73570000 of 64 bytes failed: 仅完成部分的 ReadProcessMemory 或 WriteProcessMemory 请求。 (0x12B)
[1111/161307:WARNING:pe_image_reader.cc(281)] could not read dos header from C:\WINDOWS\SYSTEM32\Secur32.dll
[1111/161307:ERROR:process_reader_win.cc(233)] ReadMemory at 0x6d5e0000 of 64 bytes failed: 仅完成部分的 ReadProcessMemory 或 WriteProcessMemory 请求。 (0x12B)
[1111/161307:WARNING:pe_image_reader.cc(281)] could not read dos header from C:\WINDOWS\SYSTEM32\DWrite.dll
[1111/161307:ERROR:process_reader_win.cc(233)] ReadMemory at 0x73d00000 of 64 bytes failed: 仅完成部分的 ReadProcessMemory 或 WriteProcessMemory 请求。 (0x12B)
[1111/161307:WARNING:pe_image_reader.cc(281)] could not read dos header from C:\WINDOWS\System32\MSASN1.dll
[1111/161307:ERROR:process_reader_win.cc(233)] ReadMemory at 0x74560000 of 64 bytes failed: 仅完成部分的 ReadProcessMemory 或 WriteProcessMemory 请求。 (0x12B)
[1111/161307:WARNING:pe_image_reader.cc(281)] could not read dos header from C:\WINDOWS\System32\CRYPT32.dll
[1111/161307:ERROR:process_reader_win.cc(233)] ReadMemory at 0x73aa0000 of 64 bytes failed: 仅完成部分的 ReadProcessMemory 或 WriteProcessMemory 请求。 (0x12B)
[1111/161307:WARNING:pe_image_reader.cc(281)] could not read dos header from C:\WINDOWS\System32\WINTRUST.dll
[1111/161307:ERROR:process_reader_win.cc(233)] ReadMemory at 0x5ec40000 of 64 bytes failed: 仅完成部分的 ReadProcessMemory 或 WriteProcessMemory 请求。 (0x12B)
[1111/161307:WARNING:pe_image_reader.cc(281)] could not read dos header from C:\Program Files (x86)\Google\Chrome\Application\54.0.2840.59\chrome_child.dll
[1111/161307:ERROR:process_reader_win.cc(233)] ReadMemory at 0x90000 of 64 bytes failed: 仅完成部分的 ReadProcessMemory 或 WriteProcessMemory 请求。 (0x12B)
[1111/161307:WARNING:pe_image_reader.cc(281)] could not read dos header from C:\Program Files (x86)\Google\Chrome\Application\chrome.exe
[1111/161307:ERROR:process_reader_win.cc(233)] ReadMemory at 0x76310000 of 64 bytes failed: 仅完成部分的 ReadProcessMemory 或 WriteProcessMemory 请求。 (0x12B)
[1111/161307:WARNING:pe_image_reader.cc(281)] could not read dos header from C:\WINDOWS\System32\KERNELBASE.dll
[1111/161307:ERROR:process_reader_win.cc(233)] ReadMemory at 0x76cd0000 of 64 bytes failed: 仅完成部分的 ReadProcessMemory 或 WriteProcessMemory 请求。 (0x12B)
[1111/161307:WARNING:pe_image_reader.cc(281)] could not read dos header from C:\WINDOWS\System32\KERNEL32.DLL
[1111/161307:ERROR:process_reader_win.cc(233)] ReadMemory at 0x70220000 of 64 bytes failed: 仅完成部分的 ReadProcessMemory 或 WriteProcessMemory 请求。 (0x12B)
[1111/161307:WARNING:pe_image_reader.cc(281)] could not read dos header from C:\WINDOWS\AppPatch\AcGenral.dll
[1111/161307:ERROR:process_reader_win.cc(233)] ReadMemory at 0x76fb0000 of 64 bytes failed: 仅完成部分的 ReadProcessMemory 或 WriteProcessMemory 请求。 (0x12B)
[1111/161307:WARNING:pe_image_reader.cc(281)] could not read dos header from C:\WINDOWS\SYSTEM32\ntdll.dll
[1111/161307:ERROR:process_reader_win.cc(233)] ReadMemory at 0x71100000 of 64 bytes failed: 仅完成部分的 ReadProcessMemory 或 WriteProcessMemory 请求。 (0x12B)
[1111/161307:WARNING:pe_image_reader.cc(281)] could not read dos header from C:\WINDOWS\system32\apphelp.dll
[1111/161307:ERROR:process_reader_win.cc(233)] ReadMemory at 0x76560000 of 64 bytes failed: 仅完成部分的 ReadProcessMemory 或 WriteProcessMemory 请求。 (0x12B)
[1111/161307:WARNING:pe_image_reader.cc(281)] could not read dos header from C:\WINDOWS\System32\msvcrt.dll
[1111/161307:ERROR:process_reader_win.cc(233)] ReadMemory at 0x73e60000 of 64 bytes failed: 仅完成部分的 ReadProcessMemory 或 WriteProcessMemory 请求。 (0x12B)
[1111/161307:WARNING:pe_image_reader.cc(281)] could not read dos header from C:\WINDOWS\System32\bcryptPrimitives.dll
[1111/161307:ERROR:process_reader_win.cc(233)] ReadMemory at 0x73a60000 of 64 bytes failed: 仅完成部分的 ReadProcessMemory 或 WriteProcessMemory 请求。 (0x12B)
[1111/161307:WARNING:pe_image_reader.cc(281)] could not read dos header from C:\WINDOWS\System32\CRYPTBASE.dll
[1111/161307:ERROR:process_reader_win.cc(233)] ReadMemory at 0x73a70000 of 64 bytes failed: 仅完成部分的 ReadProcessMemory 或 WriteProcessMemory 请求。 (0x12B)
[1111/161307:WARNING:pe_image_reader.cc(281)] could not read dos header from C:\WINDOWS\System32\SspiCli.dll
[1111/161307:ERROR:process_reader_win.cc(233)] ReadMemory at 0x76240000 of 64 bytes failed: 仅完成部分的 ReadProcessMemory 或 WriteProcessMemory 请求。 (0x12B)
[1111/161307:WARNING:pe_image_reader.cc(281)] could not read dos header from C:\WINDOWS\System32\RPCRT4.dll
[1111/161307:ERROR:process_reader_win.cc(233)] ReadMemory at 0x73b70000 of 64 bytes failed: 仅完成部分的 ReadProcessMemory 或 WriteProcessMemory 请求。 (0x12B)
[1111/161307:WARNING:pe_image_reader.cc(281)] could not read dos header from C:\WINDOWS\System32\sechost.dll
[1111/161307:ERROR:process_reader_win.cc(233)] ReadMemory at 0x74480000 of 64 bytes failed: 仅完成部分的 ReadProcessMemory 或 WriteProcessMemory 请求。 (0x12B)
[1111/161307:WARNING:pe_image_reader.cc(281)] could not read dos header from C:\WINDOWS\System32\ucrtbase.dll
[1111/161307:ERROR:process_reader_win.cc(233)] ReadMemory at 0x74260000 of 64 bytes failed: 仅完成部分的 ReadProcessMemory 或 WriteProcessMemory 请求。 (0x12B)
[1111/161307:WARNING:pe_image_reader.cc(281)] could not read dos header from C:\WINDOWS\System32\combase.dll
[1111/161307:ERROR:process_reader_win.cc(233)] ReadMemory at 0x76c50000 of 64 bytes failed: 仅完成部分的 ReadProcessMemory 或 WriteProcessMemory 请求。 (0x12B)
[1111/161307:WARNING:pe_image_reader.cc(281)] could not read dos header from C:\WINDOWS\System32\win32u.dll
[1111/161307:ERROR:process_reader_win.cc(233)] ReadMemory at 0x76db0000 of 64 bytes failed: 仅完成部分的 ReadProcessMemory 或 WriteProcessMemory 请求。 (0x12B)
[1111/161307:WARNING:pe_image_reader.cc(281)] could not read dos header from C:\WINDOWS\System32\USER32.dll
[1111/161307:ERROR:process_reader_win.cc(233)] ReadMemory at 0x746e0000 of 64 bytes failed: 仅完成部分的 ReadProcessMemory 或 WriteProcessMemory 请求。 (0x12B)
[1111/161307:WARNING:pe_image_reader.cc(281)] could not read dos header from C:\WINDOWS\System32\gdi32full.dll
[1111/161307:ERROR:process_reader_win.cc(233)] ReadMemory at 0x73f80000 of 64 bytes failed: 仅完成部分的 ReadProcessMemory 或 WriteProcessMemory 请求。 (0x12B)
[1111/161307:WARNING:pe_image_reader.cc(281)] could not read dos header from C:\WINDOWS\System32\GDI32.dll
[1111/161307:ERROR:process_reader_win.cc(233)] ReadMemory at 0x76ba0000 of 64 bytes failed: 仅完成部分的 ReadProcessMemory 或 WriteProcessMemory 请求。 (0x12B)
[1111/161307:WARNING:pe_image_reader.cc(281)] could not read dos header from C:\WINDOWS\System32\IMM32.DLL
[1111/161307:ERROR:process_reader_win.cc(233)] ReadMemory at 0x74210000 of 64 bytes failed: 仅完成部分的 ReadProcessMemory 或 WriteProcessMemory 请求。 (0x12B)
[1111/161307:WARNING:pe_image_reader.cc(281)] could not read dos header from C:\WINDOWS\System32\SHLWAPI.dll
[1111/161307:ERROR:process_reader_win.cc(233)] ReadMemory at 0x71420000 of 64 bytes failed: 仅完成部分的 ReadProcessMemory 或 WriteProcessMemory 请求。 (0x12B)
[1111/161307:WARNING:pe_image_reader.cc(281)] could not read dos header from C:\WINDOWS\SYSTEM32\UxTheme.dll
[1111/161307:ERROR:process_reader_win.cc(233)] ReadMemory at 0x73f40000 of 64 bytes failed: 仅完成部分的 ReadProcessMemory 或 WriteProcessMemory 请求。 (0x12B)
[1111/161307:WARNING:pe_image_reader.cc(281)] could not read dos header from C:\WINDOWS\System32\cfgmgr32.dll
[1111/161307:ERROR:process_reader_win.cc(233)] ReadMemory at 0x73610000 of 64 bytes failed: 仅完成部分的 ReadProcessMemory 或 WriteProcessMemory 请求。 (0x12B)
[1111/161307:WARNING:pe_image_reader.cc(281)] could not read dos header from C:\WINDOWS\SYSTEM32\WINMMBASE.dll
[1111/161307:ERROR:process_reader_win.cc(233)] ReadMemory at 0x73640000 of 64 bytes failed: 仅完成部分的 ReadProcessMemory 或 WriteProcessMemory 请求。 (0x12B)
[1111/161307:WARNING:pe_image_reader.cc(281)] could not read dos header from C:\WINDOWS\SYSTEM32\WINMM.dll
[1111/161307:ERROR:process_reader_win.cc(233)] ReadMemory at 0x73460000 of 64 bytes failed: 仅完成部分的 ReadProcessMemory 或 WriteProcessMemory 请求。 (0x12B)
[1111/161307:WARNING:pe_image_reader.cc(281)] could not read dos header from C:\WINDOWS\SYSTEM32\samcli.dll
[1111/161307:ERROR:process_reader_win.cc(233)] ReadMemory at 0x73d70000 of 64 bytes failed: 仅完成部分的 ReadProcessMemory 或 WriteProcessMemory 请求。 (0x12B)
[1111/161307:WARNING:pe_image_reader.cc(281)] could not read dos header from C:\WINDOWS\System32\ole32.dll
[1111/161307:ERROR:process_reader_win.cc(233)] ReadMemory at 0x73ec0000 of 64 bytes failed: 仅完成部分的 ReadProcessMemory 或 WriteProcessMemory 请求。 (0x12B)
[1111/161307:WARNING:pe_image_reader.cc(281)] could not read dos header from C:\WINDOWS\System32\msvcp_win.dll
[1111/161307:ERROR:process_reader_win.cc(233)] ReadMemory at 0x73fb0000 of 64 bytes failed: 仅完成部分的 ReadProcessMemory 或 WriteProcessMemory 请求。 (0x12B)
[1111/161307:WARNING:pe_image_reader.cc(281)] could not read dos header from C:\WINDOWS\System32\OLEAUT32.dll
[1111/161307:ERROR:process_reader_win.cc(233)] ReadMemory at 0x76bd0000 of 64 bytes failed: 仅完成部分的 ReadProcessMemory 或 WriteProcessMemory 请求。 (0x12B)
[1111/161307:WARNING:pe_image_reader.cc(281)] could not read dos header from C:\WINDOWS\System32\advapi32.dll
[1111/161307:ERROR:process_reader_win.cc(233)] ReadMemory at 0x65fe0000 of 64 bytes failed: 仅完成部分的 ReadProcessMemory 或 WriteProcessMemory 请求。 (0x12B)
[1111/161307:WARNING:pe_image_reader.cc(281)] could not read dos header from C:\WINDOWS\SYSTEM32\MSACM32.dll
[1111/161307:ERROR:process_reader_win.cc(233)] ReadMemory at 0x73a20000 of 64 bytes failed: 仅完成部分的 ReadProcessMemory 或 WriteProcessMemory 请求。 (0x12B)
[1111/161307:WARNING:pe_image_reader.cc(281)] could not read dos header from C:\WINDOWS\SYSTEM32\VERSION.dll
[1111/161307:ERROR:process_reader_win.cc(233)] ReadMemory at 0x74840000 of 64 bytes failed: 仅完成部分的 ReadProcessMemory 或 WriteProcessMemory 请求。 (0x12B)
[1111/161307:WARNING:pe_image_reader.cc(281)] could not read dos header from C:\WINDOWS\System32\powrprof.dll
[1111/161307:ERROR:process_reader_win.cc(233)] ReadMemory at 0x76fa0000 of 64 bytes failed: 仅完成部分的 ReadProcessMemory 或 WriteProcessMemory 请求。 (0x12B)
[1111/161307:WARNING:pe_image_reader.cc(281)] could not read dos header from C:\WINDOWS\System32\kernel.appcore.dll
[1111/161307:ERROR:process_reader_win.cc(233)] ReadMemory at 0x76f10000 of 64 bytes failed: 仅完成部分的 ReadProcessMemory 或 WriteProcessMemory 请求。 (0x12B)
[1111/161307:WARNING:pe_image_reader.cc(281)] could not read dos header from C:\WINDOWS\System32\shcore.dll
[1111/161307:ERROR:process_reader_win.cc(233)] ReadMemory at 0x73a90000 of 64 bytes failed: 仅完成部分的 ReadProcessMemory 或 WriteProcessMemory 请求。 (0x12B)
[1111/161307:WARNING:pe_image_reader.cc(281)] could not read dos header from C:\WINDOWS\System32\profapi.dll
[1111/161307:ERROR:process_reader_win.cc(233)] ReadMemory at 0x74890000 of 64 bytes failed: 仅完成部分的 ReadProcessMemory 或 WriteProcessMemory 请求。 (0x12B)
[1111/161307:WARNING:pe_image_reader.cc(281)] could not read dos header from C:\WINDOWS\System32\windows.storage.dll
[1111/161307:ERROR:process_reader_win.cc(233)] ReadMemory at 0x74e00000 of 64 bytes failed: 仅完成部分的 ReadProcessMemory 或 WriteProcessMemory 请求。 (0x12B)
[1111/161307:WARNING:pe_image_reader.cc(281)] could not read dos header from C:\WINDOWS\System32\SHELL32.dll
[1111/161307:ERROR:process_reader_win.cc(233)] ReadMemory at 0x73a30000 of 64 bytes failed: 仅完成部分的 ReadProcessMemory 或 WriteProcessMemory 请求。 (0x12B)
[1111/161307:WARNING:pe_image_reader.cc(281)] could not read dos header from C:\WINDOWS\SYSTEM32\USERENV.dll
[1111/161307:ERROR:process_reader_win.cc(233)] ReadMemory at 0x70a90000 of 64 bytes failed: 仅完成部分的 ReadProcessMemory 或 WriteProcessMemory 请求。 (0x12B)
[1111/161307:WARNING:pe_image_reader.cc(281)] could not read dos header from C:\WINDOWS\SYSTEM32\dwmapi.dll
[1111/161307:ERROR:process_reader_win.cc(233)] ReadMemory at 0x71de0000 of 64 bytes failed: 仅完成部分的 ReadProcessMemory 或 WriteProcessMemory 请求。 (0x12B)
[1111/161307:WARNING:pe_image_reader.cc(281)] could not read dos header from C:\WINDOWS\SYSTEM32\iertutil.dll
[1111/161307:ERROR:process_reader_win.cc(233)] ReadMemory at 0x722d0000 of 64 bytes failed: 仅完成部分的 ReadProcessMemory 或 WriteProcessMemory 请求。 (0x12B)
[1111/161307:WARNING:pe_image_reader.cc(281)] could not read dos header from C:\WINDOWS\SYSTEM32\urlmon.dll
[1111/161307:ERROR:process_reader_win.cc(233)] ReadMemory at 0x72080000 of 64 bytes failed: 仅完成部分的 ReadProcessMemory 或 WriteProcessMemory 请求。 (0x12B)
[1111/161307:WARNING:pe_image_reader.cc(281)] could not read dos header from C:\WINDOWS\SYSTEM32\bcrypt.dll
[1111/161307:ERROR:process_reader_win.cc(233)] ReadMemory at 0x6d7e0000 of 64 bytes failed: 仅完成部分的 ReadProcessMemory 或 WriteProcessMemory 请求。 (0x12B)
[1111/161307:WARNING:pe_image_reader.cc(281)] could not read dos header from C:\WINDOWS\SYSTEM32\WINSPOOL.DRV
[1111/161307:ERROR:process_reader_win.cc(233)] ReadMemory at 0x6e760000 of 64 bytes failed: 仅完成部分的 ReadProcessMemory 或 WriteProcessMemory 请求。 (0x12B)
[1111/161307:WARNING:pe_image_reader.cc(281)] could not read dos header from C:\WINDOWS\SYSTEM32\MPR.dll
[1111/161307:ERROR:process_reader_win.cc(233)] ReadMemory at 0x6ce40000 of 64 bytes failed: 仅完成部分的 ReadProcessMemory 或 WriteProcessMemory 请求。 (0x12B)
[1111/161307:WARNING:pe_image_reader.cc(281)] could not read dos header from C:\Program Files (x86)\Google\Chrome\Application\54.0.2840.59\chrome_elf.dll
[1111/161307:ERROR:process_reader_win.cc(233)] ReadMemory at 0x73a50000 of 64 bytes failed: 仅完成部分的 ReadProcessMemory 或 WriteProcessMemory 请求。 (0x12B)
[1111/161307:WARNING:pe_image_reader.cc(281)] could not read dos header from C:\WINDOWS\SYSTEM32\WTSAPI32.dll
[1111/161307:ERROR:process_reader_win.cc(233)] ReadMemory at 0x71010000 of 64 bytes failed: 仅完成部分的 ReadProcessMemory 或 WriteProcessMemory 请求。 (0x12B)
[1111/161307:WARNING:pe_image_reader.cc(281)] could not read dos header from C:\WINDOWS\SYSTEM32\WINHTTP.dll
[1111/161307:ERROR:process_reader_win.cc(233)] ReadMemory at 0x71930000 of 64 bytes failed: 仅完成部分的 ReadProcessMemory 或 WriteProcessMemory 请求。 (0x12B)
[1111/161307:WARNING:pe_image_reader.cc(281)] could not read dos header from C:\WINDOWS\SYSTEM32\ninput.dll
[1111/161307:ERROR:process_reader_win.cc(233)] ReadMemory at 0x74200000 of 64 bytes failed: 仅完成部分的 ReadProcessMemory 或 WriteProcessMemory 请求。 (0x12B)
[1111/161307:WARNING:pe_image_reader.cc(281)] could not read dos header from C:\WINDOWS\System32\PSAPI.DLL
[1111/161307:ERROR:process_reader_win.cc(233)] ReadMemory at 0x73af0000 of 64 bytes failed: 仅完成部分的 ReadProcessMemory 或 WriteProcessMemory 请求。 (0x12B)
[1111/161307:WARNING:pe_image_reader.cc(281)] could not read dos header from C:\WINDOWS\System32\WS2_32.dll
[1111/161307:ERROR:process_reader_win.cc(233)] ReadMemory at 0x73910000 of 64 bytes failed: 仅完成部分的 ReadProcessMemory 或 WriteProcessMemory 请求。 (0x12B)
[1111/161307:WARNING:pe_image_reader.cc(281)] could not read dos header from C:\WINDOWS\SYSTEM32\NETAPI32.dll
[1111/161307:ERROR:process_reader_win.cc(233)] ReadMemory at 0x73450000 of 64 bytes failed: 仅完成部分的 ReadProcessMemory 或 WriteProcessMemory 请求。 (0x12B)
[1111/161307:WARNING:pe_image_reader.cc(281)] could not read dos header from C:\WINDOWS\SYSTEM32\NETUTILS.DLL
[1111/161307:ERROR:process_reader_win.cc(233)] ReadMemory at 0x720a0000 of 64 bytes failed: 仅完成部分的 ReadProcessMemory 或 WriteProcessMemory 请求。 (0x12B)
[1111/161307:WARNING:pe_image_reader.cc(281)] could not read dos header from C:\WINDOWS\SYSTEM32\WKSCLI.DLL
[1111/161307:ERROR:process_reader_win.cc(233)] ReadMemory at 0x70620000 of 64 bytes failed: 仅完成部分的 ReadProcessMemory 或 WriteProcessMemory 请求。 (0x12B)
[1111/161307:WARNING:pe_image_reader.cc(281)] could not read dos header from E:\360\360Safe\safemon\safemon.dll
[1111/161307:ERROR:process_reader_win.cc(233)] ReadMemory at 0x6ce00000 of 64 bytes failed: 仅完成部分的 ReadProcessMemory 或 WriteProcessMemory 请求。 (0x12B)
[1111/161307:WARNING:pe_image_reader.cc(281)] could not read dos header from E:\360\360Safe\safemon\iNetSafe.dll
[1111/161307:ERROR:process_reader_win.cc(233)] ReadMemory at 0x727d0000 of 64 bytes failed: 仅完成部分的 ReadProcessMemory 或 WriteProcessMemory 请求。 (0x12B)
[1111/161307:WARNING:pe_image_reader.cc(281)] could not read dos header from C:\WINDOWS\SYSTEM32\dbghelp.dll
[1111/161307:ERROR:process_reader_win.cc(233)] ReadMemory at 0x71210000 of 64 bytes failed: 仅完成部分的 ReadProcessMemory 或 WriteProcessMemory 请求。 (0x12B)
[1111/161307:WARNING:pe_image_reader.cc(281)] could not read dos header from C:\WINDOWS\WinSxS\x86_microsoft.windows.common-controls_6595b64144ccf1df_6.0.14393.447_none_89c64d28dafea4b9\COMCTL32.dll
[1111/161307:ERROR:process_reader_win.cc(233)] ReadMemory at 0x74110000 of 64 bytes failed: 仅完成部分的 ReadProcessMemory 或 WriteProcessMemory 请求。 (0x12B)
[1111/161307:WARNING:pe_image_reader.cc(281)] could not read dos header from C:\WINDOWS\System32\COMDLG32.dll
[1111/161307:ERROR:process_reader_win.cc(233)] ReadMemory at 0x6d0a0000 of 64 bytes failed: 仅完成部分的 ReadProcessMemory 或 WriteProcessMemory 请求。 (0x12B)
[1111/161307:WARNING:pe_image_reader.cc(281)] could not read dos header from C:\WINDOWS\SYSTEM32\USP10.dll
[1111/161307:ERROR:process_reader_win.cc(233)] ReadMemory at 0x73840000 of 64 bytes failed: 仅完成部分的 ReadProcessMemory 或 WriteProcessMemory 请求。 (0x12B)
[1111/161307:WARNING:pe_image_reader.cc(281)] could not read dos header from C:\WINDOWS\SYSTEM32\IPHLPAPI.DLL
[1111/161307:ERROR:process_reader_win.cc(233)] ReadMemory at 0x73570000 of 64 bytes failed: 仅完成部分的 ReadProcessMemory 或 WriteProcessMemory 请求。 (0x12B)
[1111/161307:WARNING:pe_image_reader.cc(281)] could not read dos header from C:\WINDOWS\SYSTEM32\Secur32.dll
[1111/161307:ERROR:process_reader_win.cc(233)] ReadMemory at 0x6d5e0000 of 64 bytes failed: 仅完成部分的 ReadProcessMemory 或 WriteProcessMemory 请求。 (0x12B)
[1111/161307:WARNING:pe_image_reader.cc(281)] could not read dos header from C:\WINDOWS\SYSTEM32\DWrite.dll
[1111/161307:ERROR:process_reader_win.cc(233)] ReadMemory at 0x73d00000 of 64 bytes failed: 仅完成部分的 ReadProcessMemory 或 WriteProcessMemory 请求。 (0x12B)
[1111/161307:WARNING:pe_image_reader.cc(281)] could not read dos header from C:\WINDOWS\System32\MSASN1.dll
[1111/161307:ERROR:process_reader_win.cc(233)] ReadMemory at 0x74560000 of 64 bytes failed: 仅完成部分的 ReadProcessMemory 或 WriteProcessMemory 请求。 (0x12B)
[1111/161307:WARNING:pe_image_reader.cc(281)] could not read dos header from C:\WINDOWS\System32\CRYPT32.dll
[1111/161307:ERROR:process_reader_win.cc(233)] ReadMemory at 0x73aa0000 of 64 bytes failed: 仅完成部分的 ReadProcessMemory 或 WriteProcessMemory 请求。 (0x12B)
[1111/161307:WARNING:pe_image_reader.cc(281)] could not read dos header from C:\WINDOWS\System32\WINTRUST.dll
[1111/161307:ERROR:process_reader_win.cc(233)] ReadMemory at 0x5ec40000 of 64 bytes failed: 仅完成部分的 ReadProcessMemory 或 WriteProcessMemory 请求。 (0x12B)
[1111/161307:WARNING:pe_image_reader.cc(281)] could not read dos header from C:\Program Files (x86)\Google\Chrome\Application\54.0.2840.59\chrome_child.dll
[1111/161307:ERROR:process_reader_win.cc(233)] ReadMemory at 0x575000 of 45056 bytes failed: 仅完成部分的 ReadProcessMemory 或 WriteProcessMemory 请求。 (0x12B)
[1111/161307:ERROR:crash_report_exception_handler.cc(98)] WriteEverything failed
[1111/161307:ERROR:scoped_process_suspend.cc(38)] NtResumeProcess: 已尝试访问正在退出的过程。  (0xc000010a)
